2024
Already up to date.
Already up to date.
[main e462f8ba2] NBA Raw Updated (Start: 2024 End: 2024)
 404 files changed, 528754 insertions(+), 19088 deletions(-)
 create mode 100644 nba/json/final/401584845.json
 create mode 100644 nba/json/final/401584846.json
 create mode 100644 nba/json/final/401584847.json
 create mode 100644 nba/json/final/401584848.json
 create mode 100644 nba/json/final/401584849.json
 create mode 100644 nba/json/final/401584850.json
 create mode 100644 nba/json/final/401584851.json
 create mode 100644 nba/json/final/401584852.json
 create mode 100644 nba/json/raw/401584845.json
 create mode 100644 nba/json/raw/401584846.json
 create mode 100644 nba/json/raw/401584847.json
 create mode 100644 nba/json/raw/401584848.json
 create mode 100644 nba/json/raw/401584849.json
 create mode 100644 nba/json/raw/401584850.json
 create mode 100644 nba/json/raw/401584851.json
 create mode 100644 nba/json/raw/401584852.json
 rewrite nba/schedules/rds/nba_schedule_2024.rds (99%)
